<?xml version="1.0" encoding="UTF-8"?>
<!-- Generated by org.testng.reporters.JUnitReportReporter -->
<testsuite hostname="DESKTOP-H2C9QEN" failures="0" tests="3" name="testcases.AmazonShop" time="0.008" errors="0" timestamp="2024-04-24T00:13:27 IST" skipped="0">
  <testcase classname="testcases.AmazonShop" name="shop" time="0.002"/>
  <system-out/>
  <testcase classname="testcases.AmazonShop" name="shop" time="0.002"/>
  <system-out/>
  <testcase classname="testcases.AmazonShop" name="shop" time="0.004"/>
  <system-out/>
</testsuite> <!-- testcases.AmazonShop -->
