<?xml version="1.0" encoding="UTF-8"?>
<!-- Generated by org.testng.reporters.JUnitReportReporter -->
<testsuite hostname="DESKTOP-H2C9QEN" failures="0" tests="1" name="testcases.SigninTest" time="7.634" errors="0" timestamp="2024-04-24T00:13:27 IST" skipped="0">
  <testcase classname="testcases.SigninTest" name="signin" time="7.634"/>
  <system-out/>
</testsuite> <!-- testcases.SigninTest -->
